<?xml version="1.0" encoding="UTF-8"?>
<!-- Generated by org.testng.reporters.JUnitReportReporter -->
<testsuite hostname="MSI" failures="0" tests="6" name="testCases.TC003_LoginDDT" time="54.022" errors="0" timestamp="2026-01-13T12:49:24 IST" skipped="0">
  <testcase classname="testCases.TC003_LoginDDT" name="verify_loginDDT" time="6.727"/>
  <testcase classname="testCases.TC003_LoginDDT" name="verify_loginDDT" time="5.547"/>
  <testcase classname="testCases.TC003_LoginDDT" name="verify_loginDDT" time="6.040"/>
  <testcase classname="testCases.TC003_LoginDDT" name="verify_loginDDT" time="5.992"/>
  <testcase classname="testCases.TC003_LoginDDT" name="verify_loginDDT" time="14.972"/>
  <testcase classname="testCases.TC003_LoginDDT" name="verify_loginDDT" time="14.744"/>
</testsuite> <!-- testCases.TC003_LoginDDT -->
